<?xml version="1.0" encoding="UTF-8"?>
<testsuite name="com.MissionManager.MissionManagerTest" tests="12" skipped="0" failures="0" errors="0" timestamp="2021-01-12T19:03:17" hostname="ubuntu-emile" time="0.761">
  <properties/>
  <testcase name="checkIsTruckFreeWhenNoTruck" classname="com.MissionManager.MissionManagerTest" time="0.71"/>
  <testcase name="checkUpdateTrucksStateWhenUpdatedTruckIsNotUpdateInMission" classname="com.MissionManager.MissionManagerTest" time="0.004"/>
  <testcase name="checkLaunchTruckOnMissionWhenNoTruckDisponible" classname="com.MissionManager.MissionManagerTest" time="0.006"/>
  <testcase name="checkLaunchTruckOnMissionWhenTruckDisponible" classname="com.MissionManager.MissionManagerTest" time="0.002"/>
  <testcase name="checkDetectIntensityEqualZeroWhenFireIntensityNotEqualZero" classname="com.MissionManager.MissionManagerTest" time="0.003"/>
  <testcase name="checkIsTruckFree1" classname="com.MissionManager.MissionManagerTest" time="0.003"/>
  <testcase name="checkIsTruckFree2" classname="com.MissionManager.MissionManagerTest" time="0.002"/>
  <testcase name="checkDetectIntensityFireIncreasedWhenNoTruckAvailable" classname="com.MissionManager.MissionManagerTest" time="0.003"/>
  <testcase name="checkDetectIntensityFireIncreasedWhenTruckAvailable" classname="com.MissionManager.MissionManagerTest" time="0.003"/>
  <testcase name="checkNewFire" classname="com.MissionManager.MissionManagerTest" time="0.003"/>
  <testcase name="checkUpdateTrucksStateWhenUpdatedTruckIsNotBusy" classname="com.MissionManager.MissionManagerTest" time="0.004"/>
  <testcase name="checkDetectIntensityEqualZeroWhenFireIntensityEqualZero" classname="com.MissionManager.MissionManagerTest" time="0.01"/>
  <system-out><![CDATA[Création MissionManager
Fin Création MissionManager
Création MissionManager
Fin Création MissionManager
MissionManager: updateTrucksState
Création MissionManager
Fin Création MissionManager
Création MissionManager
Fin Création MissionManager
Création MissionManager
Fin Création MissionManager
MissionManager: detectIntensityEqualZero
Création MissionManager
Fin Création MissionManager
Création MissionManager
Fin Création MissionManager
Création MissionManager
Fin Création MissionManager
MissionManager: detectIntensityFireIncreased
Création MissionManager
Fin Création MissionManager
MissionManager: detectIntensityFireIncreased
Création MissionManager
Fin Création MissionManager
MissionManager: newFire
Création MissionManager
Fin Création MissionManager
MissionManager: updateTrucksState
Création MissionManager
Fin Création MissionManager
MissionManager: detectIntensityEqualZero
]]></system-out>
  <system-err><![CDATA[]]></system-err>
</testsuite>
